21:39:57 **** Build of configuration Debug for project Dynamic-Prog-Fibo ****
make all 
Building file: ../src/Dynamic-Prog-Fibo.cpp
Invoking: Cross G++ Compiler
g++ -O0 -g3 -Wall -c -fmessage-length=0 -MMD -MP -MF"src/Dynamic-Prog-Fibo.d" -MT"src/Dynamic-Prog-Fibo.d" -o "src/Dynamic-Prog-Fibo.o" "../src/Dynamic-Prog-Fibo.cpp"
Finished building: ../src/Dynamic-Prog-Fibo.cpp
 
Building target: Dynamic-Prog-Fibo
Invoking: Cross G++ Linker
g++  -o "Dynamic-Prog-Fibo"  ./src/Dynamic-Prog-Fibo.o   
Finished building target: Dynamic-Prog-Fibo
 
00:43:13 **** Build of configuration Debug for project Huffman ****
make all 
Building file: ../src/main.cpp
Invoking: Cross G++ Compiler
g++ -O0 -g3 -Wall -c -fmessage-length=0 -MMD -MP -MF"src/main.d" -MT"src/main.d" -o "src/main.o" "../src/main.cpp"
Finished building: ../src/main.cpp
 
Building target: Huffman
Invoking: Cross G++ Linker
g++  -o "Huffman"  ./src/main.o   
Finished building target: Huffman
 
00:43:31 **** Incremental Build of configuration Debug for project Huffman ****
make all 
make: Nothing to be done for 'all'.
23:36:45 **** Build of configuration Debug for project Linked-List ****
make all 
Building file: ../src/list.cpp
Invoking: Cross G++ Compiler
g++ -O0 -g3 -Wall -c -fmessage-length=0 -MMD -MP -MF"src/list.d" -MT"src/list.d" -o "src/list.o" "../src/list.cpp"
Finished building: ../src/list.cpp
 
Building target: Linked-List
Invoking: Cross G++ Linker
g++  -o "Linked-List"  ./src/list.o ./src/main.o   
Finished building target: Linked-List
 
20:04:39 **** Build of configuration Debug for project Linked-List ****
make all 
Building file: ../src/list.cpp
Invoking: Cross G++ Compiler
g++ -O0 -g3 -Wall -c -fmessage-length=0 -MMD -MP -MF"src/list.d" -MT"src/list.d" -o "src/list.o" "../src/list.cpp"
Finished building: ../src/list.cpp
 
Building target: Linked-List
Invoking: Cross G++ Linker
g++  -o "Linked-List"  ./src/list.o ./src/main.o   
Finished building target: Linked-List
 
20:04:40 **** Build of configuration Debug for project ListLinked ****
make all 
Building file: ../src/ListLinked.cpp
Invoking: Cross G++ Compiler
g++ -O0 -g3 -Wall -c -fmessage-length=0 -MMD -MP -MF"src/ListLinked.d" -MT"src/ListLinked.d" -o "src/ListLinked.o" "../src/ListLinked.cpp"
Finished building: ../src/ListLinked.cpp
 
Building target: ListLinked
Invoking: Cross G++ Linker
g++  -o "ListLinked"  ./src/ListLinked.o   
Finished building target: ListLinked
 
20:05:00 **** Incremental Build of configuration Debug for project Linked-List ****
make all 
make: Nothing to be done for 'all'.
20:05:13 **** Incremental Build of configuration Debug for project ListLinked ****
make all 
make: Nothing to be done for 'all'.
20:06:25 **** Incremental Build of configuration Debug for project ListLinked ****
make all 
Building file: ../src/ListLinked.cpp
Invoking: Cross G++ Compiler
g++ -O0 -g3 -Wall -c -fmessage-length=0 -MMD -MP -MF"src/ListLinked.d" -MT"src/ListLinked.d" -o "src/ListLinked.o" "../src/ListLinked.cpp"
Finished building: ../src/ListLinked.cpp
 
Building target: ListLinked
Invoking: Cross G++ Linker
g++  -o "ListLinked"  ./src/ListLinked.o   
Finished building target: ListLinked
 
20:07:05 **** Incremental Build of configuration Debug for project ListLinked ****
make all 
Building file: ../src/ListLinked.cpp
Invoking: Cross G++ Compiler
g++ -O0 -g3 -Wall -c -fmessage-length=0 -MMD -MP -MF"src/ListLinked.d" -MT"src/ListLinked.d" -o "src/ListLinked.o" "../src/ListLinked.cpp"
Finished building: ../src/ListLinked.cpp
 
Building target: ListLinked
Invoking: Cross G++ Linker
g++  -o "ListLinked"  ./src/ListLinked.o   
Finished building target: ListLinked
 
20:07:18 **** Incremental Build of configuration Debug for project ListLinked ****
make all 
make: Nothing to be done for 'all'.
20:07:50 **** Incremental Build of configuration Debug for project ListLinked ****
make all 
Building file: ../src/ListLinked.cpp
Invoking: Cross G++ Compiler
g++ -O0 -g3 -Wall -c -fmessage-length=0 -MMD -MP -MF"src/ListLinked.d" -MT"src/ListLinked.d" -o "src/ListLinked.o" "../src/ListLinked.cpp"
Finished building: ../src/ListLinked.cpp
 
Building target: ListLinked
Invoking: Cross G++ Linker
g++  -o "ListLinked"  ./src/ListLinked.o   
Finished building target: ListLinked
 
20:07:52 **** Incremental Build of configuration Debug for project ListLinked ****
make all 
make: Nothing to be done for 'all'.
20:08:06 **** Incremental Build of configuration Debug for project ListLinked ****
make all 
Building file: ../src/ListLinked.cpp
Invoking: Cross G++ Compiler
g++ -O0 -g3 -Wall -c -fmessage-length=0 -MMD -MP -MF"src/ListLinked.d" -MT"src/ListLinked.d" -o "src/ListLinked.o" "../src/ListLinked.cpp"
Finished building: ../src/ListLinked.cpp
 
Building target: ListLinked
Invoking: Cross G++ Linker
g++  -o "ListLinked"  ./src/ListLinked.o   
Finished building target: ListLinked
 
20:08:08 **** Incremental Build of configuration Debug for project ListLinked ****
make all 
make: Nothing to be done for 'all'.
23:00:40 **** Incremental Build of configuration Debug for project Linked-List ****
make all 
make: Nothing to be done for 'all'.
23:00:40 **** Build of configuration Debug for project List-Linked ****
make all 
Building file: ../src/List-Linked.cpp
Invoking: Cross G++ Compiler
g++ -O0 -g3 -Wall -c -fmessage-length=0 -MMD -MP -MF"src/List-Linked.d" -MT"src/List-Linked.d" -o "src/List-Linked.o" "../src/List-Linked.cpp"
../src/List-Linked.cpp:32:29: error: return type specification for constructor invalid
 void LinkedList::LinkedList()
                             ^
make: *** [src/List-Linked.o] Error 1
src/subdir.mk:18: recipe for target 'src/List-Linked.o' failed
23:00:53 **** Incremental Build of configuration Debug for project List-Linked ****
make all 
Building file: ../src/List-Linked.cpp
Invoking: Cross G++ Compiler
g++ -O0 -g3 -Wall -c -fmessage-length=0 -MMD -MP -MF"src/List-Linked.d" -MT"src/List-Linked.d" -o "src/List-Linked.o" "../src/List-Linked.cpp"
../src/List-Linked.cpp:32:29: error: return type specification for constructor invalid
 void LinkedList::LinkedList()
                             ^
make: *** [src/List-Linked.o] Error 1
src/subdir.mk:18: recipe for target 'src/List-Linked.o' failed
23:01:47 **** Incremental Build of configuration Debug for project List-Linked ****
make all 
Building file: ../src/List-Linked.cpp
Invoking: Cross G++ Compiler
g++ -O0 -g3 -Wall -c -fmessage-length=0 -MMD -MP -MF"src/List-Linked.d" -MT"src/List-Linked.d" -o "src/List-Linked.o" "../src/List-Linked.cpp"
Finished building: ../src/List-Linked.cpp
 
Building target: List-Linked
Invoking: Cross G++ Linker
g++  -o "List-Linked"  ./src/List-Linked.o   
Finished building target: List-Linked
 
23:01:53 **** Incremental Build of configuration Debug for project List-Linked ****
make all 
make: Nothing to be done for 'all'.
23:02:08 **** Incremental Build of configuration Debug for project List-Linked ****
make all 
make: Nothing to be done for 'all'.
23:02:18 **** Incremental Build of configuration Debug for project List-Linked ****
make all 
make: Nothing to be done for 'all'.
23:02:20 **** Incremental Build of configuration Debug for project List-Linked ****
make all 
make: Nothing to be done for 'all'.
23:02:47 **** Incremental Build of configuration Debug for project List-Linked ****
make all 
Building file: ../src/List-Linked.cpp
Invoking: Cross G++ Compiler
g++ -O0 -g3 -Wall -c -fmessage-length=0 -MMD -MP -MF"src/List-Linked.d" -MT"src/List-Linked.d" -o "src/List-Linked.o" "../src/List-Linked.cpp"
Finished building: ../src/List-Linked.cpp
 
Building target: List-Linked
Invoking: Cross G++ Linker
g++  -o "List-Linked"  ./src/List-Linked.o   
Finished building target: List-Linked
 
23:02:52 **** Incremental Build of configuration Debug for project List-Linked ****
make all 
make: Nothing to be done for 'all'.
23:02:53 **** Incremental Build of configuration Debug for project List-Linked ****
make all 
make: Nothing to be done for 'all'.
23:02:54 **** Incremental Build of configuration Debug for project List-Linked ****
make all 
make: Nothing to be done for 'all'.
23:02:54 **** Incremental Build of configuration Debug for project List-Linked ****
make all 
make: Nothing to be done for 'all'.
23:03:02 **** Incremental Build of configuration Debug for project List-Linked ****
make all 
make: Nothing to be done for 'all'.
23:04:06 **** Incremental Build of configuration Debug for project List-Linked ****
make all 
Building file: ../src/List-Linked.cpp
Invoking: Cross G++ Compiler
g++ -O0 -g3 -Wall -c -fmessage-length=0 -MMD -MP -MF"src/List-Linked.d" -MT"src/List-Linked.d" -o "src/List-Linked.o" "../src/List-Linked.cpp"
Finished building: ../src/List-Linked.cpp
 
Building target: List-Linked
Invoking: Cross G++ Linker
g++  -o "List-Linked"  ./src/List-Linked.o   
Finished building target: List-Linked
 
23:04:09 **** Incremental Build of configuration Debug for project List-Linked ****
make all 
make: Nothing to be done for 'all'.
23:06:18 **** Incremental Build of configuration Debug for project Linked-List ****
make all 
make: Nothing to be done for 'all'.
23:06:18 **** Incremental Build of configuration Debug for project List-Linked ****
make all 
Building file: ../src/List-Linked.cpp
Invoking: Cross G++ Compiler
g++ -O0 -g3 -Wall -c -fmessage-length=0 -MMD -MP -MF"src/List-Linked.d" -MT"src/List-Linked.d" -o "src/List-Linked.o" "../src/List-Linked.cpp"
../src/List-Linked.cpp: In member function ‘void LinkedList::addNode(int)’:
../src/List-Linked.cpp:41:2: error: ‘nodeptr’ was not declared in this scope
  nodeptr n = new node();
  ^~~~~~~
../src/List-Linked.cpp:42:2: error: ‘n’ was not declared in this scope
  n->data = Data;
  ^
../src/List-Linked.cpp: In member function ‘void LinkedList::deleteNode(int)’:
../src/List-Linked.cpp:65:2: error: ‘nodeptr’ was not declared in this scope
  nodeptr delptr = new node();
  ^~~~~~~
../src/List-Linked.cpp:78:10: error: ‘delptr’ was not declared in this scope
   delete delptr;
          ^~~~~~
../src/List-Linked.cpp:82:3: error: ‘delptr’ was not declared in this scope
   delptr = currptr;
   ^~~~~~
../src/List-Linked.cpp:91:10: error: type ‘<type error>’ argument given to ‘delete’, expected pointer
   delete delptr;
          ^~~~~~
src/subdir.mk:18: recipe for target 'src/List-Linked.o' failed
make: *** [src/List-Linked.o] Error 1
23:06:37 **** Incremental Build of configuration Debug for project Linked-List ****
make all 
make: Nothing to be done for 'all'.
23:06:37 **** Incremental Build of configuration Debug for project List-Linked ****
make all 
Building file: ../src/List-Linked.cpp
Invoking: Cross G++ Compiler
g++ -O0 -g3 -Wall -c -fmessage-length=0 -MMD -MP -MF"src/List-Linked.d" -MT"src/List-Linked.d" -o "src/List-Linked.o" "../src/List-Linked.cpp"
Finished building: ../src/List-Linked.cpp
 
Building target: List-Linked
Invoking: Cross G++ Linker
g++  -o "List-Linked"  ./src/List-Linked.o   
Finished building target: List-Linked
 
23:06:44 **** Incremental Build of configuration Debug for project List-Linked ****
make all 
make: Nothing to be done for 'all'.
23:07:39 **** Incremental Build of configuration Debug for project Linked-List ****
make all 
make: Nothing to be done for 'all'.
23:07:39 **** Incremental Build of configuration Debug for project List-Linked ****
make all 
Building file: ../src/List-Linked.cpp
Invoking: Cross G++ Compiler
g++ -O0 -g3 -Wall -c -fmessage-length=0 -MMD -MP -MF"src/List-Linked.d" -MT"src/List-Linked.d" -o "src/List-Linked.o" "../src/List-Linked.cpp"
Finished building: ../src/List-Linked.cpp
 
Building target: List-Linked
Invoking: Cross G++ Linker
g++  -o "List-Linked"  ./src/List-Linked.o   
Finished building target: List-Linked
 
23:07:44 **** Incremental Build of configuration Debug for project List-Linked ****
make all 
make: Nothing to be done for 'all'.
23:08:21 **** Incremental Build of configuration Debug for project Linked-List ****
make all 
make: Nothing to be done for 'all'.
23:08:21 **** Incremental Build of configuration Debug for project List-Linked ****
make all 
Building file: ../src/List-Linked.cpp
Invoking: Cross G++ Compiler
g++ -O0 -g3 -Wall -c -fmessage-length=0 -MMD -MP -MF"src/List-Linked.d" -MT"src/List-Linked.d" -o "src/List-Linked.o" "../src/List-Linked.cpp"
Finished building: ../src/List-Linked.cpp
 
Building target: List-Linked
Invoking: Cross G++ Linker
g++  -o "List-Linked"  ./src/List-Linked.o   
Finished building target: List-Linked
 
23:08:23 **** Incremental Build of configuration Debug for project List-Linked ****
make all 
make: Nothing to be done for 'all'.
